Library/Bee/Android/Prj/Mono2x/Gradle/unityLibrary/build/intermediates/manifest_merge_blame_file/release/manifest-merger-blame-release-report.txt
1<?xml version="1.0" encoding="utf-8"?>
2<manifest xmlns:android="http://schemas.android.com/apk/res/android"
3    xmlns:tools="http://schemas.android.com/tools"
4    package="com.unity3d.player" >
5
6    <uses-sdk
7        android:minSdkVersion="22"
7-->src/main/AndroidManifest.xml
8        android:targetSdkVersion="32" />
8-->src/main/AndroidManifest.xml
9
10    <uses-permission android:name="android.permission.INTERNET" />
10-->src/main/AndroidManifest.xml:3:3-65
10-->src/main/AndroidManifest.xml:3:20-62
11
12    <uses-feature android:glEsVersion="0x00030000" />
12-->src/main/AndroidManifest.xml:4:3-52
12-->src/main/AndroidManifest.xml:4:17-49
13    <uses-feature
13-->src/main/AndroidManifest.xml:5:3-91
14        android:name="android.hardware.vulkan.version"
14-->src/main/AndroidManifest.xml:5:17-63
15        android:required="false" />
15-->src/main/AndroidManifest.xml:5:64-88
16    <uses-feature
16-->src/main/AndroidManifest.xml:6:3-88
17        android:name="android.hardware.touchscreen"
17-->src/main/AndroidManifest.xml:6:17-60
18        android:required="false" />
18-->src/main/AndroidManifest.xml:6:61-85
19    <uses-feature
19-->src/main/AndroidManifest.xml:7:3-99
20        android:name="android.hardware.touchscreen.multitouch"
20-->src/main/AndroidManifest.xml:7:17-71
21        android:required="false" />
21-->src/main/AndroidManifest.xml:7:72-96
22    <uses-feature
22-->src/main/AndroidManifest.xml:8:3-108
23        android:name="android.hardware.touchscreen.multitouch.distinct"
23-->src/main/AndroidManifest.xml:8:17-80
24        android:required="false" />
24-->src/main/AndroidManifest.xml:8:81-105
25
26    <application android:extractNativeLibs="true" >
26-->src/main/AndroidManifest.xml:9:3-25:17
26-->src/main/AndroidManifest.xml:9:16-48
27        <meta-data
27-->src/main/AndroidManifest.xml:10:5-69
28            android:name="unity.splash-mode"
28-->src/main/AndroidManifest.xml:10:16-48
29            android:value="0" />
29-->src/main/AndroidManifest.xml:10:49-66
30        <meta-data
30-->src/main/AndroidManifest.xml:11:5-74
31            android:name="unity.splash-enable"
31-->src/main/AndroidManifest.xml:11:16-50
32            android:value="True" />
32-->src/main/AndroidManifest.xml:11:51-71
33        <meta-data
33-->src/main/AndroidManifest.xml:12:5-78
34            android:name="unity.launch-fullscreen"
34-->src/main/AndroidManifest.xml:12:16-54
35            android:value="True" />
35-->src/main/AndroidManifest.xml:12:55-75
36        <meta-data
36-->src/main/AndroidManifest.xml:13:5-84
37            android:name="unity.allow-resizable-window"
37-->src/main/AndroidManifest.xml:13:16-59
38            android:value="False" />
38-->src/main/AndroidManifest.xml:13:60-81
39        <meta-data
39-->src/main/AndroidManifest.xml:14:5-73
40            android:name="android.max_aspect"
40-->src/main/AndroidManifest.xml:14:16-49
41            android:value="1.86" />
41-->src/main/AndroidManifest.xml:14:50-70
42        <meta-data
42-->src/main/AndroidManifest.xml:15:5-81
43            android:name="notch.config"
43-->src/main/AndroidManifest.xml:15:16-43
44            android:value="portrait|landscape" />
44-->src/main/AndroidManifest.xml:15:44-78
45        <meta-data
45-->src/main/AndroidManifest.xml:16:5-84
46            android:name="unity.auto-report-fully-drawn"
46-->src/main/AndroidManifest.xml:16:16-60
47            android:value="true" />
47-->src/main/AndroidManifest.xml:16:61-81
48
49        <activity
49-->src/main/AndroidManifest.xml:17:5-24:16
50            android:name="com.unity3d.player.UnityPlayerActivity"
50-->src/main/AndroidManifest.xml:17:15-68
51            android:configChanges="mcc|mnc|locale|touchscreen|keyboard|keyboardHidden|navigation|orientation|screenLayout|uiMode|screenSize|smallestScreenSize|fontScale|layoutDirection|density"
51-->src/main/AndroidManifest.xml:17:211-392
52            android:exported="true"
52-->src/main/AndroidManifest.xml:17:464-487
53            android:hardwareAccelerated="false"
53-->src/main/AndroidManifest.xml:17:428-463
54            android:launchMode="singleTask"
54-->src/main/AndroidManifest.xml:17:149-180
55            android:maxAspectRatio="1.86"
55-->src/main/AndroidManifest.xml:17:181-210
56            android:resizeableActivity="false"
56-->src/main/AndroidManifest.xml:17:393-427
57            android:screenOrientation="landscape"
57-->src/main/AndroidManifest.xml:17:111-148
58            android:theme="@style/UnityThemeSelector" >
58-->src/main/AndroidManifest.xml:17:69-110
59            <intent-filter>
59-->src/main/AndroidManifest.xml:18:7-21:23
60                <category android:name="android.intent.category.LAUNCHER" />
60-->src/main/AndroidManifest.xml:19:9-69
60-->src/main/AndroidManifest.xml:19:19-66
61
62                <action android:name="android.intent.action.MAIN" />
62-->src/main/AndroidManifest.xml:20:9-61
62-->src/main/AndroidManifest.xml:20:17-58
63            </intent-filter>
64
65            <meta-data
65-->src/main/AndroidManifest.xml:22:7-82
66                android:name="unityplayer.UnityActivity"
66-->src/main/AndroidManifest.xml:22:18-58
67                android:value="true" />
67-->src/main/AndroidManifest.xml:22:59-79
68            <meta-data
68-->src/main/AndroidManifest.xml:23:7-70
69                android:name="notch_support"
69-->src/main/AndroidManifest.xml:23:18-46
70                android:value="true" />
70-->src/main/AndroidManifest.xml:23:47-67
71        </activity>
72    </application>
73
74</manifest>